<?xml version="1.0" encoding="UTF-8"?>
<!-- Generated by org.testng.reporters.JUnitXMLReporter -->
<testsuite ignored="4" hostname="Sekolahmus-MacBook-Air.local" failures="0" tests="2" name="Surefire test" time="63.391" errors="0" timestamp="2024-02-04T13:22:07 WIB">
  <testcase classname="org.example.HomePage_Test" name="selectFomCity" time="28.001"/>
  <testcase classname="org.example.Country_Test" name="selectCountry" time="22.721"/>
  <testcase classname="org.example.BaseTest" name="@BeforeSuite globalSetUp" time="0.0">
    <ignored/>
  </testcase> <!-- @BeforeSuite globalSetUp -->
  <testcase classname="org.example.BaseTest" name="@AfterSuite globalTearDown" time="0.0">
    <ignored/>
  </testcase> <!-- @AfterSuite globalTearDown -->
  <testcase classname="org.example.BaseTest" name="@AfterSuite globalTearDown" time="0.0">
    <ignored/>
  </testcase> <!-- @AfterSuite globalTearDown -->
  <testcase classname="org.example.BaseTest" name="@BeforeSuite globalSetUp" time="0.0">
    <ignored/>
  </testcase> <!-- @BeforeSuite globalSetUp -->
</testsuite> <!-- Surefire test -->
