<?xml version="1.0" encoding="UTF-8"?>
<testsuite xmlns:xsi="http://www.w3.org/2001/XMLSchema-instance" xsi:noNamespaceSchemaLocation="https://maven.apache.org/surefire/maven-surefire-plugin/xsd/surefire-test-report-3.0.xsd" version="3.0" name="TestSuite" time="68.615" tests="3" errors="0" skipped="0" failures="0">
  <properties>
[...]
</properties>
  <testcase name="selectFomCity" classname="org.example.HomePage_Test" time="28.004">
    <system-out><![CDATA[***Test Execution Started***
]]></system-out>
    <system-err><![CDATA[SLF4J: Failed to load class "org.slf4j.impl.StaticLoggerBinder".
SLF4J: Defaulting to no-operation (NOP) logger implementation
SLF4J: See http://www.slf4j.org/codes.html#StaticLoggerBinder for further details.
1707027659641	geckodriver	INFO	Listening on 127.0.0.1:22961
1707027659776	mozrunner::runner	INFO	Running command: MOZ_CRASHREPORTER="1" MOZ_CRASHREPORTER_NO_REPORT="1" MOZ_CRASHREPORTER_SHUTDOWN="1" MOZ_NO_REMOTE="1" "/App ... /[::1]:41912/" "-foreground" "-no-remote" "-profile" "/var/folders/77/36y66nr51xv0l9h6md4hjsr00000gp/T/rust_mozprofilevNFv3s"
console.warn: services.settings: Ignoring preference override of remote settings server
console.warn: services.settings: Allow by setting MOZ_REMOTE_SETTINGS_DEVTOOLS=1 in the environment
1707027660419	Marionette	INFO	Marionette enabled
console.error: "Warning: unrecognized command line flag" "-remote-allow-hosts"
console.error: "Warning: unrecognized command line flag" "-remote-allow-origins"
1707027660772	Marionette	INFO	Listening on port 50950
WebDriver BiDi listening on ws://127.0.0.1:41912
1707027661031	RemoteAgent	WARN	TLS certificate errors will be ignored for this session
DevTools listening on ws://127.0.0.1:41912/devtools/browser/cf8242d6-161d-4caa-9768-835767fcbed2
JavaScript warning: https://www.makemytrip.com/mqZAoQ3ep/3hpMR/-FxA/kEc5GVr2ft7h/DTFTQwE/VCs6V/wMEZUc, line 1: unreachable code after return statement
JavaScript warning: https://www.makemytrip.com/_sec/cp_challenge/sec-cpt-4-1.js, line 1: unreachable code after return statement
1707027663666	Marionette	WARN	Ignoring event 'pageshow' because document has an invalid readyState of 'interactive'.
JavaScript warning: https://www.makemytrip.com/mqZAoQ3ep/3hpMR/-FxA/kEc5GVr2ft7h/DTFTQwE/VCs6V/wMEZUc, line 1: WEBGL_debug_renderer_info is deprecated in Firefox and will be removed. Please use RENDERER.
JavaScript warning: https://www.makemytrip.com/mqZAoQ3ep/3hpMR/-FxA/kEc5GVr2ft7h/DTFTQwE/VCs6V/wMEZUc, line 1: WEBGL_debug_renderer_info is deprecated in Firefox and will be removed. Please use RENDERER.
JavaScript warning: https://www.makemytrip.com/mqZAoQ3ep/3hpMR/-FxA/kEc5GVr2ft7h/DTFTQwE/VCs6V/wMEZUc, line 1: WEBGL_debug_renderer_info is deprecated in Firefox and will be removed. Please use RENDERER.
console.error: ({})
JavaScript warning: https://www.makemytrip.com/_sec/cp_challenge/sec-cpt-int-4-1.js, line 1: unreachable code after return statement
JavaScript warning: https://www.makemytrip.com/mqZAoQ3ep/3hpMR/-FxA/kEc5uhr2ft7h/DTFTQwE/dHsYE/nkWDBE, line 1: unreachable code after return statement
JavaScript warning: https://www.makemytrip.com/_sec/cp_challenge/ak-challenge-4-1.js, line 1: unreachable code after return statement
JavaScript warning: https://www.makemytrip.com/mqZAoQ3ep/3hpMR/-FxA/kEc5uhr2ft7h/DTFTQwE/dHsYE/nkWDBE, line 1: WEBGL_debug_renderer_info is deprecated in Firefox and will be removed. Please use RENDERER.
JavaScript warning: https://www.makemytrip.com/mqZAoQ3ep/3hpMR/-FxA/kEc5uhr2ft7h/DTFTQwE/dHsYE/nkWDBE, line 1: WEBGL_debug_renderer_info is deprecated in Firefox and will be removed. Please use RENDERER.
JavaScript warning: https://www.makemytrip.com/mqZAoQ3ep/3hpMR/-FxA/kEc5uhr2ft7h/DTFTQwE/dHsYE/nkWDBE, line 1: WEBGL_debug_renderer_info is deprecated in Firefox and will be removed. Please use RENDERER.
JavaScript warning: https://www.makemytrip.com/mqZAoQ3ep/3hpMR/-FxA/kEc5uhr2ft7h/DTFTQwE/dHsYE/nkWDBE, line 1: unreachable code after return statement
JavaScript warning: https://www.makemytrip.com/_sec/cp_challenge/sec-cpt-4-1.js, line 1: unreachable code after return statement
JavaScript warning: https://www.makemytrip.com/mqZAoQ3ep/3hpMR/-FxA/kEc5uhr2ft7h/DTFTQwE/dHsYE/nkWDBE, line 1: WEBGL_debug_renderer_info is deprecated in Firefox and will be removed. Please use RENDERER.
JavaScript warning: https://www.makemytrip.com/mqZAoQ3ep/3hpMR/-FxA/kEc5uhr2ft7h/DTFTQwE/dHsYE/nkWDBE, line 1: WEBGL_debug_renderer_info is deprecated in Firefox and will be removed. Please use RENDERER.
JavaScript warning: https://www.makemytrip.com/mqZAoQ3ep/3hpMR/-FxA/kEc5uhr2ft7h/DTFTQwE/dHsYE/nkWDBE, line 1: WEBGL_debug_renderer_info is deprecated in Firefox and will be removed. Please use RENDERER.
1707027690473	addons.xpi	ERROR	System addon update list error SyntaxError: XMLHttpRequest.open: 'http://%(server)s/dummy-system-addons.xml' is not a valid URL.
]]></system-err>
  </testcase>
  <testcase name="selectCountry" classname="org.example.Country_Test" time="22.723">
    <system-err><![CDATA[1707027693181	RemoteAgent	INFO	Perform WebSocket upgrade for incoming connection from 127.0.0.1:51086
1707027693187	CDP	WARN	Invalid browser preferences for CDP. Set "fission.webContentIsolationStrategy"to 0 and "fission.bfcacheInParent" to false before Firefox starts.
1707027693207	Marionette	INFO	Stopped listening on port 50950
JavaScript warning: https://www.makemytrip.com/flight/search?itinerary=BKK-SIN-14/02/2024_SIN-BKK-15/02/2024&tripType=R&paxType=A-1_C-0_I-0&intl=true&cabinClass=E&ccde=IN&lang=eng, line 44: Script terminated by timeout at:
d@https://www.makemytrip.com/flight/search?itinerary=BKK-SIN-14/02/2024_SIN-BKK-15/02/2024&tripType=R&paxType=A-1_C-0_I-0&intl=true&cabinClass=E&ccde=IN&lang=eng:44:27079

1707027694137	geckodriver	INFO	Listening on 127.0.0.1:7401
1707027694189	mozrunner::runner	INFO	Running command: MOZ_CRASHREPORTER="1" MOZ_CRASHREPORTER_NO_REPORT="1" MOZ_CRASHREPORTER_SHUTDOWN="1" MOZ_NO_REMOTE="1" "/App ... /[::1]:15546/" "-foreground" "-no-remote" "-profile" "/var/folders/77/36y66nr51xv0l9h6md4hjsr00000gp/T/rust_mozprofilePUjgKg"
console.warn: services.settings: Ignoring preference override of remote settings server
console.warn: services.settings: Allow by setting MOZ_REMOTE_SETTINGS_DEVTOOLS=1 in the environment
1707027694498	Marionette	INFO	Marionette enabled
console.error: "Warning: unrecognized command line flag" "-remote-allow-hosts"
console.error: "Warning: unrecognized command line flag" "-remote-allow-origins"
1707027694743	Marionette	INFO	Listening on port 51092
WebDriver BiDi listening on ws://127.0.0.1:15546
1707027694951	RemoteAgent	WARN	TLS certificate errors will be ignored for this session
DevTools listening on ws://127.0.0.1:15546/devtools/browser/097e7321-6063-46ae-a053-08c5791d1425
JavaScript warning: https://www.makemytrip.com/mqZAoQ3ep/3hpMR/-FxA/kEc5GVr2ft7h/DTFTQwE/VCs6V/wMEZUc, line 1: unreachable code after return statement
JavaScript warning: https://www.makemytrip.com/_sec/cp_challenge/sec-cpt-4-1.js, line 1: unreachable code after return statement
1707027697174	Marionette	WARN	Ignoring event 'pageshow' because document has an invalid readyState of 'interactive'.
JavaScript warning: https://www.makemytrip.com/mqZAoQ3ep/3hpMR/-FxA/kEc5GVr2ft7h/DTFTQwE/VCs6V/wMEZUc, line 1: WEBGL_debug_renderer_info is deprecated in Firefox and will be removed. Please use RENDERER.
JavaScript warning: https://www.makemytrip.com/mqZAoQ3ep/3hpMR/-FxA/kEc5GVr2ft7h/DTFTQwE/VCs6V/wMEZUc, line 1: WEBGL_debug_renderer_info is deprecated in Firefox and will be removed. Please use RENDERER.
JavaScript warning: https://www.makemytrip.com/mqZAoQ3ep/3hpMR/-FxA/kEc5GVr2ft7h/DTFTQwE/VCs6V/wMEZUc, line 1: WEBGL_debug_renderer_info is deprecated in Firefox and will be removed. Please use RENDERER.
JavaScript warning: https://www.makemytrip.com/mqZAoQ3ep/3hpMR/-FxA/kEc5GVr2ft7h/DTFTQwE/VCs6V/wMEZUc, line 1: unreachable code after return statement
JavaScript warning: https://www.makemytrip.com/_sec/cp_challenge/sec-cpt-4-1.js, line 1: unreachable code after return statement
1707027702992	Marionette	WARN	Ignoring event 'pageshow' because document has an invalid readyState of 'interactive'.
JavaScript warning: https://www.makemytrip.com/mqZAoQ3ep/3hpMR/-FxA/kEc5GVr2ft7h/DTFTQwE/VCs6V/wMEZUc, line 1: WEBGL_debug_renderer_info is deprecated in Firefox and will be removed. Please use RENDERER.
JavaScript warning: https://www.makemytrip.com/mqZAoQ3ep/3hpMR/-FxA/kEc5GVr2ft7h/DTFTQwE/VCs6V/wMEZUc, line 1: WEBGL_debug_renderer_info is deprecated in Firefox and will be removed. Please use RENDERER.
JavaScript warning: https://www.makemytrip.com/mqZAoQ3ep/3hpMR/-FxA/kEc5GVr2ft7h/DTFTQwE/VCs6V/wMEZUc, line 1: WEBGL_debug_renderer_info is deprecated in Firefox and will be removed. Please use RENDERER.
JavaScript warning: https://www.makemytrip.com/mqZAoQ3ep/3hpMR/-FxA/kEc5GVr2ft7h/DTFTQwE/VCs6V/wMEZUc, line 1: unreachable code after return statement
JavaScript warning: https://www.makemytrip.com/_sec/cp_challenge/sec-cpt-4-1.js, line 1: unreachable code after return statement
1707027710622	Marionette	WARN	Ignoring event 'pageshow' because document has an invalid readyState of 'interactive'.
JavaScript warning: https://www.makemytrip.com/mqZAoQ3ep/3hpMR/-FxA/kEc5GVr2ft7h/DTFTQwE/VCs6V/wMEZUc, line 1: WEBGL_debug_renderer_info is deprecated in Firefox and will be removed. Please use RENDERER.
JavaScript warning: https://www.makemytrip.com/mqZAoQ3ep/3hpMR/-FxA/kEc5GVr2ft7h/DTFTQwE/VCs6V/wMEZUc, line 1: WEBGL_debug_renderer_info is deprecated in Firefox and will be removed. Please use RENDERER.
JavaScript warning: https://www.makemytrip.com/mqZAoQ3ep/3hpMR/-FxA/kEc5GVr2ft7h/DTFTQwE/VCs6V/wMEZUc, line 1: WEBGL_debug_renderer_info is deprecated in Firefox and will be removed. Please use RENDERER.
JavaScript error: https://jsak.mmtcdn.com/pwa_v3/pwa_commons/build/client/js/AdTechCard.4a14eed89eded9245ee1.js, line 1: TypeError: d is not a function
JavaScript warning: https://www.makemytrip.com/mqZAoQ3ep/3hpMR/-FxA/kEc5GVr2ft7h/DTFTQwE/VCs6V/wMEZUc, line 1: unreachable code after return statement
JavaScript warning: https://www.makemytrip.com/_sec/cp_challenge/sec-cpt-4-1.js, line 1: unreachable code after return statement
1707027718203	Marionette	WARN	Ignoring event 'pageshow' because document has an invalid readyState of 'interactive'.
JavaScript warning: https://www.makemytrip.com/mqZAoQ3ep/3hpMR/-FxA/kEc5GVr2ft7h/DTFTQwE/VCs6V/wMEZUc, line 1: WEBGL_debug_renderer_info is deprecated in Firefox and will be removed. Please use RENDERER.
JavaScript warning: https://www.makemytrip.com/mqZAoQ3ep/3hpMR/-FxA/kEc5GVr2ft7h/DTFTQwE/VCs6V/wMEZUc, line 1: WEBGL_debug_renderer_info is deprecated in Firefox and will be removed. Please use RENDERER.
JavaScript warning: https://www.makemytrip.com/mqZAoQ3ep/3hpMR/-FxA/kEc5GVr2ft7h/DTFTQwE/VCs6V/wMEZUc, line 1: WEBGL_debug_renderer_info is deprecated in Firefox and will be removed. Please use RENDERER.
]]></system-err>
  </testcase>
  <testcase name="testApp on testApp(org.example.AppTest)" classname="org.example.AppTest" time="28.544">
    <system-out><![CDATA[***Test Execution Finish***
]]></system-out>
    <system-err><![CDATA[1707027721393	RemoteAgent	INFO	Perform WebSocket upgrade for incoming connection from 127.0.0.1:51198
1707027721397	CDP	WARN	Invalid browser preferences for CDP. Set "fission.webContentIsolationStrategy"to 0 and "fission.bfcacheInParent" to false before Firefox starts.
1707027721398	Marionette	INFO	Stopped listening on port 51092
JavaScript warning: https://www.makemytrip.com/mqZAoQ3ep/3hpMR/-FxA/kEc5GVr2ft7h/DTFTQwE/VCs6V/wMEZUc, line 1: Script terminated by timeout at:
gI2@https://www.makemytrip.com/mqZAoQ3ep/3hpMR/-FxA/kEc5GVr2ft7h/DTFTQwE/VCs6V/wMEZUc:1:35742

]]></system-err>
  </testcase>
</testsuite>